[2020-03-16 10:51:45] local.ERROR: Too many arguments, expected arguments "command". {"exception":"[object] (Symfony\\Component\\Console\\Exception\\RuntimeException(code: 0): Too many arguments, expected arguments \"command\". at C:\\xampp\\htdocs\\dlt-quiz\\vendor\\symfony\\console\\Input\\ArgvInput.php:187)
[stacktrace]
#0 C:\\xampp\\htdocs\\dlt-quiz\\vendor\\symfony\\console\\Input\\ArgvInput.php(86): Symfony\\Component\\Console\\Input\\ArgvInput->parseArgument('433')
#1 C:\\xampp\\htdocs\\dlt-quiz\\vendor\\symfony\\console\\Input\\Input.php(55): Symfony\\Component\\Console\\Input\\ArgvInput->parse()
#2 C:\\xampp\\htdocs\\dlt-quiz\\vendor\\symfony\\console\\Command\\Command.php(210): Symfony\\Component\\Console\\Input\\Input->bind(Object(Symfony\\Component\\Console\\Input\\InputDefinition))
#3 C:\\xampp\\htdocs\\dlt-quiz\\vendor\\laravel\\framework\\src\\Illuminate\\Console\\Command.php(170): Symfony\\Component\\Console\\Command\\Command->run(Object(Symfony\\Component\\Console\\Input\\ArgvInput), Object(Illuminate\\Console\\OutputStyle))
#4 C:\\xampp\\htdocs\\dlt-quiz\\vendor\\symfony\\console\\Application.php(946): Illuminate\\Console\\Command->run(Object(Symfony\\Component\\Console\\Input\\ArgvInput), Object(Symfony\\Component\\Console\\Output\\ConsoleOutput))
#5 C:\\xampp\\htdocs\\dlt-quiz\\vendor\\symfony\\console\\Application.php(248): Symfony\\Component\\Console\\Application->doRunCommand(Object(Illuminate\\Foundation\\Console\\ServeCommand), Object(Symfony\\Component\\Console\\Input\\ArgvInput), Object(Symfony\\Component\\Console\\Output\\ConsoleOutput))
#6 C:\\xampp\\htdocs\\dlt-quiz\\vendor\\symfony\\console\\Application.php(148): Symfony\\Component\\Console\\Application->doRun(Object(Symfony\\Component\\Console\\Input\\ArgvInput), Object(Symfony\\Component\\Console\\Output\\ConsoleOutput))
#7 C:\\xampp\\htdocs\\dlt-quiz\\vendor\\laravel\\framework\\src\\Illuminate\\Console\\Application.php(88): Symfony\\Component\\Console\\Application->run(Object(Symfony\\Component\\Console\\Input\\ArgvInput), Object(Symfony\\Component\\Console\\Output\\ConsoleOutput))
#8 C:\\xampp\\htdocs\\dlt-quiz\\vendor\\laravel\\framework\\src\\Illuminate\\Foundation\\Console\\Kernel.php(121): Illuminate\\Console\\Application->run(Object(Symfony\\Component\\Console\\Input\\ArgvInput), Object(Symfony\\Component\\Console\\Output\\ConsoleOutput))
#9 C:\\xampp\\htdocs\\dlt-quiz\\artisan(35): Illuminate\\Foundation\\Console\\Kernel->handle(Object(Symfony\\Component\\Console\\Input\\ArgvInput), Object(Symfony\\Component\\Console\\Output\\ConsoleOutput))
#10 {main}
"} 
[2020-03-16 11:15:36] local.ERROR: SQLSTATE[HY000] [2002] 無法連線，因為目標電腦拒絕連線。
  
[2020-03-16 11:15:39] local.ERROR: SQLSTATE[HY000] [2002] 無法連線，因為目標電腦拒絕連線。
  
[2020-03-16 11:15:42] local.ERROR: SQLSTATE[HY000] [2002] 無法連線，因為目標電腦拒絕連線。
  
[2020-03-16 11:15:45] local.ERROR: SQLSTATE[HY000] [2002] 無法連線，因為目標電腦拒絕連線。
  
[2020-03-16 11:15:49] local.ERROR: SQLSTATE[HY000] [2002] 無法連線，因為目標電腦拒絕連線。
  
[2020-03-16 11:15:52] local.ERROR: SQLSTATE[HY000] [2002] 無法連線，因為目標電腦拒絕連線。
  
[2020-03-16 11:15:55] local.ERROR: SQLSTATE[HY000] [2002] 無法連線，因為目標電腦拒絕連線。
  
[2020-03-16 11:17:40] local.ERROR: SQLSTATE[HY000] [2002] 無法連線，因為目標電腦拒絕連線。
  
[2020-03-16 11:17:44] local.ERROR: SQLSTATE[HY000] [2002] 無法連線，因為目標電腦拒絕連線。
  
[2020-03-16 11:17:47] local.ERROR: SQLSTATE[HY000] [2002] 無法連線，因為目標電腦拒絕連線。
  
[2020-03-16 11:17:50] local.ERROR: SQLSTATE[HY000] [2002] 無法連線，因為目標電腦拒絕連線。
  
[2020-03-16 11:17:53] local.ERROR: SQLSTATE[HY000] [2002] 無法連線，因為目標電腦拒絕連線。
  
[2020-03-16 11:17:57] local.ERROR: SQLSTATE[HY000] [2002] 無法連線，因為目標電腦拒絕連線。
  
[2020-03-16 11:18:02] local.ERROR: SQLSTATE[HY000] [2002] 無法連線，因為目標電腦拒絕連線。
  
[2020-03-16 11:18:05] local.ERROR: SQLSTATE[HY000] [2002] 無法連線，因為目標電腦拒絕連線。
  
[2020-03-16 11:18:08] local.ERROR: SQLSTATE[HY000] [2002] 無法連線，因為目標電腦拒絕連線。
  
[2020-03-16 11:18:11] local.ERROR: SQLSTATE[HY000] [2002] 無法連線，因為目標電腦拒絕連線。
  
[2020-03-16 11:18:15] local.ERROR: SQLSTATE[HY000] [2002] 無法連線，因為目標電腦拒絕連線。
  
[2020-03-16 11:18:18] local.ERROR: SQLSTATE[HY000] [2002] 無法連線，因為目標電腦拒絕連線。
  
[2020-03-16 11:18:21] local.ERROR: SQLSTATE[HY000] [2002] 無法連線，因為目標電腦拒絕連線。
  
[2020-03-16 11:37:09] local.ERROR: SQLSTATE[HY000] [2002] 無法連線，因為目標電腦拒絕連線。
  
[2020-03-16 11:37:14] local.ERROR: SQLSTATE[HY000] [2002] 無法連線，因為目標電腦拒絕連線。
  
[2020-03-16 11:37:17] local.ERROR: SQLSTATE[HY000] [2002] 無法連線，因為目標電腦拒絕連線。
  
[2020-03-16 11:37:20] local.ERROR: SQLSTATE[HY000] [2002] 無法連線，因為目標電腦拒絕連線。
  
[2020-03-16 11:37:23] local.ERROR: SQLSTATE[HY000] [2002] 無法連線，因為目標電腦拒絕連線。
  
[2020-03-16 11:37:27] local.ERROR: SQLSTATE[HY000] [2002] 無法連線，因為目標電腦拒絕連線。
  
[2020-03-16 11:37:30] local.ERROR: SQLSTATE[HY000] [2002] 無法連線，因為目標電腦拒絕連線。
  
[2020-03-16 11:37:33] local.ERROR: SQLSTATE[HY000] [2002] 無法連線，因為目標電腦拒絕連線。
  
[2020-03-16 11:37:37] local.ERROR: SQLSTATE[HY000] [2002] 無法連線，因為目標電腦拒絕連線。
  
[2020-03-16 11:37:40] local.ERROR: SQLSTATE[HY000] [2002] 無法連線，因為目標電腦拒絕連線。
  
[2020-03-16 11:37:43] local.ERROR: SQLSTATE[HY000] [2002] 無法連線，因為目標電腦拒絕連線。
  
[2020-03-16 11:37:46] local.ERROR: SQLSTATE[HY000] [2002] 無法連線，因為目標電腦拒絕連線。
  
[2020-03-16 11:37:50] local.ERROR: SQLSTATE[HY000] [2002] 無法連線，因為目標電腦拒絕連線。
  
[2020-03-16 11:38:41] local.ERROR: SQLSTATE[HY000] [2002] 無法連線，因為目標電腦拒絕連線。
  
[2020-03-16 11:38:44] local.ERROR: SQLSTATE[HY000] [2002] 無法連線，因為目標電腦拒絕連線。
  
[2020-03-16 11:38:47] local.ERROR: SQLSTATE[HY000] [2002] 無法連線，因為目標電腦拒絕連線。
  
[2020-03-16 11:38:50] local.ERROR: SQLSTATE[HY000] [2002] 無法連線，因為目標電腦拒絕連線。
  
[2020-03-16 11:38:54] local.ERROR: SQLSTATE[HY000] [2002] 無法連線，因為目標電腦拒絕連線。
  
[2020-03-16 11:38:57] local.ERROR: SQLSTATE[HY000] [2002] 無法連線，因為目標電腦拒絕連線。
  
[2020-03-16 11:39:01] local.ERROR: SQLSTATE[HY000] [2002] 無法連線，因為目標電腦拒絕連線。
  
[2020-03-16 11:39:04] local.ERROR: SQLSTATE[HY000] [2002] 無法連線，因為目標電腦拒絕連線。
  
[2020-03-16 11:39:08] local.ERROR: SQLSTATE[HY000] [2002] 無法連線，因為目標電腦拒絕連線。
  
[2020-03-16 11:39:11] local.ERROR: SQLSTATE[HY000] [2002] 無法連線，因為目標電腦拒絕連線。
  
[2020-03-16 11:39:14] local.ERROR: SQLSTATE[HY000] [2002] 無法連線，因為目標電腦拒絕連線。
  
[2020-03-16 11:39:17] local.ERROR: SQLSTATE[HY000] [2002] 無法連線，因為目標電腦拒絕連線。
  
[2020-03-16 11:39:21] local.ERROR: SQLSTATE[HY000] [2002] 無法連線，因為目標電腦拒絕連線。
  
[2020-03-16 11:39:31] local.ERROR: SQLSTATE[HY000] [2002] 無法連線，因為目標電腦拒絕連線。
  
[2020-03-16 11:39:35] local.ERROR: SQLSTATE[HY000] [2002] 無法連線，因為目標電腦拒絕連線。
  
[2020-03-16 11:39:38] local.ERROR: SQLSTATE[HY000] [2002] 無法連線，因為目標電腦拒絕連線。
  
[2020-03-16 11:39:41] local.ERROR: SQLSTATE[HY000] [2002] 無法連線，因為目標電腦拒絕連線。
  
[2020-03-16 11:39:45] local.ERROR: SQLSTATE[HY000] [2002] 無法連線，因為目標電腦拒絕連線。
  
[2020-03-16 11:39:48] local.ERROR: SQLSTATE[HY000] [2002] 無法連線，因為目標電腦拒絕連線。
  
[2020-03-16 11:41:02] local.ERROR: SQLSTATE[HY000] [2002] 無法連線，因為目標電腦拒絕連線。
  
[2020-03-16 11:41:05] local.ERROR: SQLSTATE[HY000] [2002] 無法連線，因為目標電腦拒絕連線。
  
[2020-03-16 11:41:08] local.ERROR: SQLSTATE[HY000] [2002] 無法連線，因為目標電腦拒絕連線。
  
[2020-03-16 11:41:11] local.ERROR: SQLSTATE[HY000] [2002] 無法連線，因為目標電腦拒絕連線。
  
[2020-03-16 11:41:15] local.ERROR: SQLSTATE[HY000] [2002] 無法連線，因為目標電腦拒絕連線。
  
[2020-03-16 11:41:18] local.ERROR: SQLSTATE[HY000] [2002] 無法連線，因為目標電腦拒絕連線。
  
[2020-03-16 11:41:21] local.ERROR: SQLSTATE[HY000] [2002] 無法連線，因為目標電腦拒絕連線。
  
[2020-03-16 11:41:25] local.ERROR: SQLSTATE[HY000] [2002] 無法連線，因為目標電腦拒絕連線。
  
[2020-03-16 11:41:28] local.ERROR: SQLSTATE[HY000] [2002] 無法連線，因為目標電腦拒絕連線。
  
[2020-03-16 11:41:31] local.ERROR: SQLSTATE[HY000] [2002] 無法連線，因為目標電腦拒絕連線。
  
[2020-03-16 11:41:34] local.ERROR: SQLSTATE[HY000] [2002] 無法連線，因為目標電腦拒絕連線。
  
[2020-03-16 11:41:38] local.ERROR: SQLSTATE[HY000] [2002] 無法連線，因為目標電腦拒絕連線。
  
[2020-03-16 11:41:41] local.ERROR: SQLSTATE[HY000] [2002] 無法連線，因為目標電腦拒絕連線。
  
[2020-03-16 12:01:47] local.ERROR: SQLSTATE[HY000] [2002] 無法連線，因為目標電腦拒絕連線。
  
[2020-03-16 12:01:50] local.ERROR: SQLSTATE[HY000] [2002] 無法連線，因為目標電腦拒絕連線。
  
[2020-03-16 12:01:53] local.ERROR: SQLSTATE[HY000] [2002] 無法連線，因為目標電腦拒絕連線。
  
[2020-03-16 12:01:56] local.ERROR: SQLSTATE[HY000] [2002] 無法連線，因為目標電腦拒絕連線。
  
[2020-03-16 12:02:00] local.ERROR: SQLSTATE[HY000] [2002] 無法連線，因為目標電腦拒絕連線。
  
[2020-03-16 12:02:03] local.ERROR: SQLSTATE[HY000] [2002] 無法連線，因為目標電腦拒絕連線。
  
[2020-03-16 12:02:07] local.ERROR: SQLSTATE[HY000] [2002] 無法連線，因為目標電腦拒絕連線。
  
[2020-03-16 12:02:10] local.ERROR: SQLSTATE[HY000] [2002] 無法連線，因為目標電腦拒絕連線。
  
[2020-03-16 12:02:14] local.ERROR: SQLSTATE[HY000] [2002] 無法連線，因為目標電腦拒絕連線。
  
[2020-03-16 12:14:11] local.ERROR: SQLSTATE[HY000] [2002] 無法連線，因為目標電腦拒絕連線。
  
[2020-03-16 12:14:14] local.ERROR: SQLSTATE[HY000] [2002] 無法連線，因為目標電腦拒絕連線。
  
[2020-03-16 12:14:18] local.ERROR: SQLSTATE[HY000] [2002] 無法連線，因為目標電腦拒絕連線。
  
[2020-03-16 12:14:21] local.ERROR: SQLSTATE[HY000] [2002] 無法連線，因為目標電腦拒絕連線。
  
[2020-03-16 12:14:25] local.ERROR: SQLSTATE[HY000] [2002] 無法連線，因為目標電腦拒絕連線。
  
[2020-03-16 12:14:28] local.ERROR: SQLSTATE[HY000] [2002] 無法連線，因為目標電腦拒絕連線。
  
[2020-03-16 12:16:45] local.ERROR: SQLSTATE[HY000] [2002] 無法連線，因為目標電腦拒絕連線。
  
[2020-03-16 12:16:49] local.ERROR: SQLSTATE[HY000] [2002] 無法連線，因為目標電腦拒絕連線。
  
[2020-03-16 12:16:52] local.ERROR: SQLSTATE[HY000] [2002] 無法連線，因為目標電腦拒絕連線。
  
[2020-03-16 12:16:55] local.ERROR: SQLSTATE[HY000] [2002] 無法連線，因為目標電腦拒絕連線。
  
[2020-03-16 12:16:58] local.ERROR: SQLSTATE[HY000] [2002] 無法連線，因為目標電腦拒絕連線。
  
[2020-03-16 12:17:01] local.ERROR: SQLSTATE[HY000] [2002] 無法連線，因為目標電腦拒絕連線。
  
[2020-03-16 12:18:17] local.ERROR: SQLSTATE[HY000] [2002] 無法連線，因為目標電腦拒絕連線。
  
[2020-03-16 12:18:20] local.ERROR: SQLSTATE[HY000] [2002] 無法連線，因為目標電腦拒絕連線。
  
[2020-03-16 12:19:33] local.ERROR: SQLSTATE[HY000] [2002] 無法連線，因為目標電腦拒絕連線。
  
[2020-03-16 12:19:36] local.ERROR: SQLSTATE[HY000] [2002] 無法連線，因為目標電腦拒絕連線。
  
[2020-03-16 12:20:17] local.ERROR: SQLSTATE[HY000] [2002] 無法連線，因為目標電腦拒絕連線。
  
[2020-03-16 12:20:17] local.ERROR: SQLSTATE[HY000] [2002] 無法連線，因為目標電腦拒絕連線。
 (SQL: select * from `admin_users` where `username` = wqqhou limit 1)  
[2020-03-16 12:20:42] local.ERROR: SQLSTATE[HY000] [2002] 無法連線，因為目標電腦拒絕連線。
  
[2020-03-16 12:20:42] local.ERROR: SQLSTATE[HY000] [2002] 無法連線，因為目標電腦拒絕連線。
 (SQL: select * from `admin_users` where `username` = wqqhou limit 1)  
